Build started 05.11.2016 23:38:25.
     1>Project "C:\Users\Aleko\Desktop\repos\YSA n-class\YSA\YSA.vcxproj" on node 2 (Build target(s)).
     1>ClCompile:
         C:\Program Files (x86)\Microsoft Visual Studio 12.0\VC\bin\CL.exe /c /AI"C:\Program Files (x86)\Reference Assemblies\Microsoft\Framework\.NETFramework\v4.5\\" /AI"C:\Program Files (x86)\Windows Kits\8.1\References\CommonConfiguration\Neutral" /AI"C:\Program Files (x86)\Reference Assemblies\Microsoft\Framework\.NETFramework\v4.5\Facades\\" /Zi /clr /nologo /W3 /WX- /Od /Oy- /D "WIN32" /D _DEBUG /D "_UNICODE" /D "UNICODE" /EHa /MDd /GS /fp:precise /Zc:wchar_t /Zc:forScope /Fo"Debug\\" /Fd"Debug\vc120.pdb" /TP /FU"C:\Program Files (x86)\Reference Assemblies\Microsoft\Framework\.NETFramework\v4.5\mscorlib.dll" /FU"C:\Program Files (x86)\Reference Assemblies\Microsoft\Framework\.NETFramework\v4.5\System.Data.dll" /FU"C:\Program Files (x86)\Reference Assemblies\Microsoft\Framework\.NETFramework\v4.5\System.dll" /FU"C:\Program Files (x86)\Reference Assemblies\Microsoft\Framework\.NETFramework\v4.5\System.Drawing.dll" /FU"C:\Program Files (x86)\Reference Assemblies\Microsoft\Framework\.NETFramework\v4.5\System.Windows.Forms.DataVisualization.dll" /FU"C:\Program Files (x86)\Reference Assemblies\Microsoft\Framework\.NETFramework\v4.5\System.Windows.Forms.dll" /FU"C:\Program Files (x86)\Reference Assemblies\Microsoft\Framework\.NETFramework\v4.5\System.Xml.dll" /analyze- /errorReport:prompt /clr:nostdlib MainForm.cpp
         MainForm.cpp
     1>c:\users\aleko\desktop\repos\ysa n-class\ysa\LinkedList.h(84): warning C4172: returning address of local variable or temporary
     1>c:\users\aleko\desktop\repos\ysa n-class\ysa\LinkedList.h(120): warning C4172: returning address of local variable or temporary
     1>c:\users\aleko\desktop\repos\ysa n-class\ysa\MainForm.h(258): warning C4244: 'argument' : conversion from 'double' to 'int', possible loss of data
     1>c:\users\aleko\desktop\repos\ysa n-class\ysa\MainForm.h(259): warning C4244: 'argument' : conversion from 'double' to 'int', possible loss of data
     1>c:\users\aleko\desktop\repos\ysa n-class\ysa\MainForm.h(260): warning C4244: 'argument' : conversion from 'double' to 'int', possible loss of data
     1>c:\users\aleko\desktop\repos\ysa n-class\ysa\MainForm.h(261): warning C4244: 'argument' : conversion from 'double' to 'int', possible loss of data
     1>c:\users\aleko\desktop\repos\ysa n-class\ysa\MainForm.h(262): warning C4244: 'argument' : conversion from 'double' to 'int', possible loss of data
     1>c:\users\aleko\desktop\repos\ysa n-class\ysa\MainForm.h(263): warning C4244: 'argument' : conversion from 'double' to 'int', possible loss of data
     1>c:\users\aleko\desktop\repos\ysa n-class\ysa\MainForm.h(264): warning C4244: 'argument' : conversion from 'double' to 'int', possible loss of data
     1>c:\users\aleko\desktop\repos\ysa n-class\ysa\MainForm.h(265): warning C4244: 'argument' : conversion from 'double' to 'int', possible loss of data
         C:\Program Files (x86)\Microsoft Visual Studio 12.0\VC\bin\CL.exe /c /Zi /clr /nologo /W3 /WX- /Od /Oy- /D "WIN32" /D _DEBUG /D "_UNICODE" /D "UNICODE" /EHa /MDd /GS /fp:precise /Zc:wchar_t /Zc:forScope /Fo"Debug\\" /Fd"Debug\vc120.pdb" /TP /analyze- /errorReport:prompt "C:\Users\Aleko\AppData\Local\Temp\.NETFramework,Version=v4.5.AssemblyAttributes.cpp"
         .NETFramework,Version=v4.5.AssemblyAttributes.cpp
       Link:
         C:\Program Files (x86)\Microsoft Visual Studio 12.0\VC\bin\link.exe /ERRORREPORT:PROMPT /OUT:"C:\Users\Aleko\Desktop\repos\YSA n-class\Debug\YSA.exe" /INCREMENTAL /NOLOGO /ASSEMBLYRESOURCE:Debug\YSA.MainForm.resources /MANIFEST /MANIFESTUAC:"level='asInvoker' uiAccess='false'" /manifest:embed /DEBUG /PDB:"C:\Users\Aleko\Desktop\repos\YSA n-class\Debug\YSA.pdb" /ASSEMBLYDEBUG /SUBSYSTEM:WINDOWS /TLBID:1 /ENTRY:"main" /DYNAMICBASE /FIXED:NO /NXCOMPAT /MACHINE:X86 Debug\MainForm.obj
         "Debug\.NETFramework,Version=v4.5.AssemblyAttributes.obj"
         YSA.vcxproj -> C:\Users\Aleko\Desktop\repos\YSA n-class\Debug\YSA.exe
     1>Done Building Project "C:\Users\Aleko\Desktop\repos\YSA n-class\YSA\YSA.vcxproj" (Build target(s)).

Build succeeded.

Time Elapsed 00:00:02.62
